{"C:\\Users\\user\\Desktop\\КОВОРКИНГ ФИНАл\\server\\controllers\\bookingController.js": {"path":"C:\\Users\\user\\Desktop\\КОВОРКИНГ ФИНАл\\server\\controllers\\bookingController.js","statementMap":{"0":{"start":{"line":9,"column":22},"end":{"line":11,"column":1}},"1":{"start":{"line":10,"column":2},"end":{"line":10,"column":40}},"2":{"start":{"line":13,"column":29},"end":{"line":212,"column":1}},"3":{"start":{"line":14,"column":2},"end":{"line":211,"column":3}},"4":{"start":{"line":23,"column":8},"end":{"line":23,"column":16}},"5":{"start":{"line":24,"column":19},"end":{"line":24,"column":31}},"6":{"start":{"line":26,"column":4},"end":{"line":28,"column":5}},"7":{"start":{"line":27,"column":6},"end":{"line":27,"column":82}},"8":{"start":{"line":31,"column":25},"end":{"line":31,"column":60}},"9":{"start":{"line":32,"column":4},"end":{"line":36,"column":5}},"10":{"start":{"line":33,"column":6},"end":{"line":35,"column":69}},"11":{"start":{"line":39,"column":16},"end":{"line":39,"column":26}},"12":{"start":{"line":42,"column":24},"end":{"line":42,"column":38}},"13":{"start":{"line":43,"column":4},"end":{"line":43,"column":37}},"14":{"start":{"line":46,"column":21},"end":{"line":46,"column":45}},"15":{"start":{"line":47,"column":19},"end":{"line":47,"column":41}},"16":{"start":{"line":50,"column":24},"end":{"line":50,"column":37}},"17":{"start":{"line":51,"column":4},"end":{"line":51,"column":37}},"18":{"start":{"line":53,"column":23},"end":{"line":53,"column":61}},"19":{"start":{"line":56,"column":22},"end":{"line":56,"column":69}},"20":{"start":{"line":57,"column":26},"end":{"line":57,"column":51}},"21":{"start":{"line":58,"column":33},"end":{"line":58,"column":68}},"22":{"start":{"line":60,"column":4},"end":{"line":62,"column":5}},"23":{"start":{"line":61,"column":6},"end":{"line":61,"column":79}},"24":{"start":{"line":65,"column":4},"end":{"line":69,"column":5}},"25":{"start":{"line":66,"column":6},"end":{"line":68,"column":9}},"26":{"start":{"line":72,"column":28},"end":{"line":72,"column":77}},"27":{"start":{"line":73,"column":4},"end":{"line":77,"column":5}},"28":{"start":{"line":74,"column":6},"end":{"line":76,"column":76}},"29":{"start":{"line":80,"column":4},"end":{"line":85,"column":5}},"30":{"start":{"line":81,"column":6},"end":{"line":84,"column":9}},"31":{"start":{"line":88,"column":21},"end":{"line":92,"column":6}},"32":{"start":{"line":94,"column":20},"end":{"line":94,"column":45}},"33":{"start":{"line":96,"column":4},"end":{"line":100,"column":5}},"34":{"start":{"line":97,"column":6},"end":{"line":99,"column":9}},"35":{"start":{"line":103,"column":29},"end":{"line":107,"column":6}},"36":{"start":{"line":110,"column":28},"end":{"line":118,"column":5}},"37":{"start":{"line":112,"column":8},"end":{"line":117,"column":26}},"38":{"start":{"line":120,"column":4},"end":{"line":124,"column":5}},"39":{"start":{"line":121,"column":6},"end":{"line":123,"column":80}},"40":{"start":{"line":127,"column":30},"end":{"line":131,"column":6}},"41":{"start":{"line":128,"column":21},"end":{"line":128,"column":47}},"42":{"start":{"line":129,"column":19},"end":{"line":129,"column":43}},"43":{"start":{"line":130,"column":6},"end":{"line":130,"column":75}},"44":{"start":{"line":133,"column":4},"end":{"line":177,"column":5}},"45":{"start":{"line":134,"column":26},"end":{"line":137,"column":8}},"46":{"start":{"line":139,"column":6},"end":{"line":143,"column":7}},"47":{"start":{"line":140,"column":8},"end":{"line":142,"column":11}},"48":{"start":{"line":145,"column":6},"end":{"line":176,"column":7}},"49":{"start":{"line":146,"column":18},"end":{"line":146,"column":48}},"50":{"start":{"line":148,"column":30},"end":{"line":148,"column":56}},"51":{"start":{"line":149,"column":28},"end":{"line":149,"column":52}},"52":{"start":{"line":151,"column":28},"end":{"line":151,"column":56}},"53":{"start":{"line":152,"column":26},"end":{"line":152,"column":52}},"54":{"start":{"line":154,"column":29},"end":{"line":154,"column":30}},"55":{"start":{"line":155,"column":8},"end":{"line":157,"column":9}},"56":{"start":{"line":156,"column":10},"end":{"line":156,"column":66}},"57":{"start":{"line":158,"column":8},"end":{"line":160,"column":9}},"58":{"start":{"line":159,"column":10},"end":{"line":159,"column":62}},"59":{"start":{"line":162,"column":8},"end":{"line":162,"column":36}},"60":{"start":{"line":163,"column":8},"end":{"line":163,"column":32}},"61":{"start":{"line":165,"column":8},"end":{"line":173,"column":9}},"62":{"start":{"line":166,"column":10},"end":{"line":169,"column":12}},"63":{"start":{"line":170,"column":10},"end":{"line":172,"column":11}},"64":{"start":{"line":171,"column":12},"end":{"line":171,"column":33}},"65":{"start":{"line":175,"column":8},"end":{"line":175,"column":23}},"66":{"start":{"line":180,"column":23},"end":{"line":186,"column":6}},"67":{"start":{"line":189,"column":20},"end":{"line":199,"column":6}},"68":{"start":{"line":201,"column":4},"end":{"line":205,"column":7}},"69":{"start":{"line":207,"column":4},"end":{"line":207,"column":34}},"70":{"start":{"line":209,"column":4},"end":{"line":209,"column":53}},"71":{"start":{"line":210,"column":4},"end":{"line":210,"column":82}},"72":{"start":{"line":215,"column":29},"end":{"line":226,"column":1}},"73":{"start":{"line":216,"column":2},"end":{"line":225,"column":3}},"74":{"start":{"line":217,"column":21},"end":{"line":219,"column":38}},"75":{"start":{"line":221,"column":4},"end":{"line":221,"column":23}},"76":{"start":{"line":223,"column":4},"end":{"line":223,"column":63}},"77":{"start":{"line":224,"column":4},"end":{"line":224,"column":56}},"78":{"start":{"line":229,"column":38},"end":{"line":278,"column":1}},"79":{"start":{"line":230,"column":2},"end":{"line":277,"column":3}},"80":{"start":{"line":231,"column":24},"end":{"line":231,"column":37}},"81":{"start":{"line":232,"column":21},"end":{"line":232,"column":30}},"82":{"start":{"line":234,"column":18},"end":{"line":237,"column":5}},"83":{"start":{"line":239,"column":4},"end":{"line":241,"column":5}},"84":{"start":{"line":240,"column":6},"end":{"line":240,"column":34}},"85":{"start":{"line":243,"column":21},"end":{"line":245,"column":38}},"86":{"start":{"line":247,"column":20},"end":{"line":247,"column":46}},"87":{"start":{"line":248,"column":19},"end":{"line":248,"column":44}},"88":{"start":{"line":251,"column":21},"end":{"line":271,"column":6}},"89":{"start":{"line":252,"column":22},"end":{"line":252,"column":71}},"90":{"start":{"line":255,"column":6},"end":{"line":255,"column":28}},"91":{"start":{"line":255,"column":19},"end":{"line":255,"column":28}},"92":{"start":{"line":258,"column":22},"end":{"line":258,"column":50}},"93":{"start":{"line":259,"column":6},"end":{"line":259,"column":28}},"94":{"start":{"line":259,"column":19},"end":{"line":259,"column":28}},"95":{"start":{"line":262,"column":6},"end":{"line":270,"column":8}},"96":{"start":{"line":273,"column":4},"end":{"line":273,"column":23}},"97":{"start":{"line":275,"column":4},"end":{"line":275,"column":72}},"98":{"start":{"line":276,"column":4},"end":{"line":276,"column":56}},"99":{"start":{"line":280,"column":29},"end":{"line":311,"column":1}},"100":{"start":{"line":281,"column":2},"end":{"line":310,"column":3}},"101":{"start":{"line":282,"column":20},"end":{"line":282,"column":79}},"102":{"start":{"line":284,"column":4},"end":{"line":286,"column":5}},"103":{"start":{"line":285,"column":6},"end":{"line":285,"column":74}},"104":{"start":{"line":288,"column":20},"end":{"line":288,"column":71}},"105":{"start":{"line":289,"column":20},"end":{"line":289,"column":45}},"106":{"start":{"line":291,"column":4},"end":{"line":293,"column":5}},"107":{"start":{"line":292,"column":6},"end":{"line":292,"column":71}},"108":{"start":{"line":295,"column":4},"end":{"line":295,"column":33}},"109":{"start":{"line":296,"column":4},"end":{"line":296,"column":25}},"110":{"start":{"line":298,"column":4},"end":{"line":304,"column":7}},"111":{"start":{"line":306,"column":4},"end":{"line":306,"column":51}},"112":{"start":{"line":308,"column":4},"end":{"line":308,"column":60}},"113":{"start":{"line":309,"column":4},"end":{"line":309,"column":56}},"114":{"start":{"line":313,"column":30},"end":{"line":325,"column":1}},"115":{"start":{"line":314,"column":2},"end":{"line":324,"column":3}},"116":{"start":{"line":315,"column":21},"end":{"line":318,"column":30}},"117":{"start":{"line":320,"column":4},"end":{"line":320,"column":23}},"118":{"start":{"line":322,"column":4},"end":{"line":322,"column":68}},"119":{"start":{"line":323,"column":4},"end":{"line":323,"column":56}},"120":{"start":{"line":328,"column":37},"end":{"line":357,"column":1}},"121":{"start":{"line":329,"column":2},"end":{"line":356,"column":3}},"122":{"start":{"line":330,"column":16},"end":{"line":330,"column":26}},"123":{"start":{"line":331,"column":27},"end":{"line":331,"column":65}},"124":{"start":{"line":335,"column":20},"end":{"line":347,"column":5}},"125":{"start":{"line":349,"column":4},"end":{"line":352,"column":7}},"126":{"start":{"line":354,"column":4},"end":{"line":354,"column":70}},"127":{"start":{"line":355,"column":4},"end":{"line":355,"column":56}},"128":{"start":{"line":360,"column":29},"end":{"line":421,"column":1}},"129":{"start":{"line":361,"column":2},"end":{"line":420,"column":3}},"130":{"start":{"line":362,"column":19},"end":{"line":362,"column":29}},"131":{"start":{"line":363,"column":35},"end":{"line":363,"column":43}},"132":{"start":{"line":366,"column":4},"end":{"line":368,"column":5}},"133":{"start":{"line":367,"column":6},"end":{"line":367,"column":76}},"134":{"start":{"line":371,"column":4},"end":{"line":376,"column":5}},"135":{"start":{"line":372,"column":6},"end":{"line":375,"column":9}},"136":{"start":{"line":378,"column":20},"end":{"line":380,"column":36}},"137":{"start":{"line":381,"column":4},"end":{"line":383,"column":5}},"138":{"start":{"line":382,"column":6},"end":{"line":382,"column":74}},"139":{"start":{"line":386,"column":31},"end":{"line":392,"column":6}},"140":{"start":{"line":394,"column":4},"end":{"line":398,"column":5}},"141":{"start":{"line":395,"column":6},"end":{"line":397,"column":9}},"142":{"start":{"line":400,"column":4},"end":{"line":400,"column":34}},"143":{"start":{"line":401,"column":4},"end":{"line":401,"column":30}},"144":{"start":{"line":402,"column":4},"end":{"line":402,"column":25}},"145":{"start":{"line":404,"column":4},"end":{"line":404,"column":71}},"146":{"start":{"line":406,"column":4},"end":{"line":414,"column":7}},"147":{"start":{"line":416,"column":4},"end":{"line":416,"column":61}},"148":{"start":{"line":418,"column":4},"end":{"line":418,"column":63}},"149":{"start":{"line":419,"column":4},"end":{"line":419,"column":74}}},"fnMap":{"0":{"name":"(anonymous_0)","decl":{"start":{"line":9,"column":22},"end":{"line":9,"column":23}},"loc":{"start":{"line":9,"column":54},"end":{"line":11,"column":1}},"line":9},"1":{"name":"(anonymous_1)","decl":{"start":{"line":13,"column":29},"end":{"line":13,"column":30}},"loc":{"start":{"line":13,"column":49},"end":{"line":212,"column":1}},"line":13},"2":{"name":"(anonymous_2)","decl":{"start":{"line":111,"column":6},"end":{"line":111,"column":7}},"loc":{"start":{"line":112,"column":8},"end":{"line":117,"column":26}},"line":112},"3":{"name":"(anonymous_3)","decl":{"start":{"line":127,"column":54},"end":{"line":127,"column":55}},"loc":{"start":{"line":127,"column":61},"end":{"line":131,"column":5}},"line":127},"4":{"name":"(anonymous_4)","decl":{"start":{"line":215,"column":29},"end":{"line":215,"column":30}},"loc":{"start":{"line":215,"column":49},"end":{"line":226,"column":1}},"line":215},"5":{"name":"(anonymous_5)","decl":{"start":{"line":229,"column":38},"end":{"line":229,"column":39}},"loc":{"start":{"line":229,"column":58},"end":{"line":278,"column":1}},"line":229},"6":{"name":"(anonymous_6)","decl":{"start":{"line":251,"column":34},"end":{"line":251,"column":35}},"loc":{"start":{"line":251,"column":41},"end":{"line":271,"column":5}},"line":251},"7":{"name":"(anonymous_7)","decl":{"start":{"line":280,"column":29},"end":{"line":280,"column":30}},"loc":{"start":{"line":280,"column":49},"end":{"line":311,"column":1}},"line":280},"8":{"name":"(anonymous_8)","decl":{"start":{"line":313,"column":30},"end":{"line":313,"column":31}},"loc":{"start":{"line":313,"column":50},"end":{"line":325,"column":1}},"line":313},"9":{"name":"(anonymous_9)","decl":{"start":{"line":328,"column":37},"end":{"line":328,"column":38}},"loc":{"start":{"line":328,"column":57},"end":{"line":357,"column":1}},"line":328},"10":{"name":"(anonymous_10)","decl":{"start":{"line":360,"column":29},"end":{"line":360,"column":30}},"loc":{"start":{"line":360,"column":49},"end":{"line":421,"column":1}},"line":360}},"branchMap":{"0":{"loc":{"start":{"line":10,"column":9},"end":{"line":10,"column":39}},"type":"binary-expr","locations":[{"start":{"line":10,"column":9},"end":{"line":10,"column":22}},{"start":{"line":10,"column":26},"end":{"line":10,"column":39}}],"line":10},"1":{"loc":{"start":{"line":26,"column":4},"end":{"line":28,"column":5}},"type":"if","locations":[{"start":{"line":26,"column":4},"end":{"line":28,"column":5}},{"start":{},"end":{}}],"line":26},"2":{"loc":{"start":{"line":26,"column":8},"end":{"line":26,"column":28}},"type":"binary-expr","locations":[{"start":{"line":26,"column":8},"end":{"line":26,"column":14}},{"start":{"line":26,"column":18},"end":{"line":26,"column":28}}],"line":26},"3":{"loc":{"start":{"line":32,"column":4},"end":{"line":36,"column":5}},"type":"if","locations":[{"start":{"line":32,"column":4},"end":{"line":36,"column":5}},{"start":{},"end":{}}],"line":32},"4":{"loc":{"start":{"line":32,"column":8},"end":{"line":32,"column":47}},"type":"binary-expr","locations":[{"start":{"line":32,"column":8},"end":{"line":32,"column":21}},{"start":{"line":32,"column":25},"end":{"line":32,"column":47}}],"line":32},"5":{"loc":{"start":{"line":58,"column":33},"end":{"line":58,"column":68}},"type":"binary-expr","locations":[{"start":{"line":58,"column":33},"end":{"line":58,"column":42}},{"start":{"line":58,"column":46},"end":{"line":58,"column":68}}],"line":58},"6":{"loc":{"start":{"line":60,"column":4},"end":{"line":62,"column":5}},"type":"if","locations":[{"start":{"line":60,"column":4},"end":{"line":62,"column":5}},{"start":{},"end":{}}],"line":60},"7":{"loc":{"start":{"line":60,"column":8},"end":{"line":60,"column":45}},"type":"binary-expr","locations":[{"start":{"line":60,"column":8},"end":{"line":60,"column":21}},{"start":{"line":60,"column":25},"end":{"line":60,"column":45}}],"line":60},"8":{"loc":{"start":{"line":65,"column":4},"end":{"line":69,"column":5}},"type":"if","locations":[{"start":{"line":65,"column":4},"end":{"line":69,"column":5}},{"start":{},"end":{}}],"line":65},"9":{"loc":{"start":{"line":65,"column":8},"end":{"line":65,"column":72}},"type":"binary-expr","locations":[{"start":{"line":65,"column":8},"end":{"line":65,"column":27}},{"start":{"line":65,"column":31},"end":{"line":65,"column":48}},{"start":{"line":65,"column":52},"end":{"line":65,"column":72}}],"line":65},"10":{"loc":{"start":{"line":73,"column":4},"end":{"line":77,"column":5}},"type":"if","locations":[{"start":{"line":73,"column":4},"end":{"line":77,"column":5}},{"start":{},"end":{}}],"line":73},"11":{"loc":{"start":{"line":80,"column":4},"end":{"line":85,"column":5}},"type":"if","locations":[{"start":{"line":80,"column":4},"end":{"line":85,"column":5}},{"start":{},"end":{}}],"line":80},"12":{"loc":{"start":{"line":80,"column":8},"end":{"line":80,"column":43}},"type":"binary-expr","locations":[{"start":{"line":80,"column":8},"end":{"line":80,"column":18}},{"start":{"line":80,"column":22},"end":{"line":80,"column":43}}],"line":80},"13":{"loc":{"start":{"line":96,"column":4},"end":{"line":100,"column":5}},"type":"if","locations":[{"start":{"line":96,"column":4},"end":{"line":100,"column":5}},{"start":{},"end":{}}],"line":96},"14":{"loc":{"start":{"line":96,"column":8},"end":{"line":96,"column":28}},"type":"binary-expr","locations":[{"start":{"line":96,"column":8},"end":{"line":96,"column":16}},{"start":{"line":96,"column":20},"end":{"line":96,"column":28}}],"line":96},"15":{"loc":{"start":{"line":112,"column":8},"end":{"line":117,"column":26}},"type":"binary-expr","locations":[{"start":{"line":112,"column":8},"end":{"line":117,"column":9}},{"start":{"line":117,"column":13},"end":{"line":117,"column":26}}],"line":112},"16":{"loc":{"start":{"line":120,"column":4},"end":{"line":124,"column":5}},"type":"if","locations":[{"start":{"line":120,"column":4},"end":{"line":124,"column":5}},{"start":{},"end":{}}],"line":120},"17":{"loc":{"start":{"line":130,"column":13},"end":{"line":130,"column":74}},"type":"binary-expr","locations":[{"start":{"line":130,"column":13},"end":{"line":130,"column":25}},{"start":{"line":130,"column":29},"end":{"line":130,"column":74}}],"line":130},"18":{"loc":{"start":{"line":133,"column":4},"end":{"line":177,"column":5}},"type":"if","locations":[{"start":{"line":133,"column":4},"end":{"line":177,"column":5}},{"start":{},"end":{}}],"line":133},"19":{"loc":{"start":{"line":139,"column":6},"end":{"line":143,"column":7}},"type":"if","locations":[{"start":{"line":139,"column":6},"end":{"line":143,"column":7}},{"start":{},"end":{}}],"line":139},"20":{"loc":{"start":{"line":155,"column":8},"end":{"line":157,"column":9}},"type":"if","locations":[{"start":{"line":155,"column":8},"end":{"line":157,"column":9}},{"start":{},"end":{}}],"line":155},"21":{"loc":{"start":{"line":158,"column":8},"end":{"line":160,"column":9}},"type":"if","locations":[{"start":{"line":158,"column":8},"end":{"line":160,"column":9}},{"start":{},"end":{}}],"line":158},"22":{"loc":{"start":{"line":165,"column":8},"end":{"line":173,"column":9}},"type":"if","locations":[{"start":{"line":165,"column":8},"end":{"line":173,"column":9}},{"start":{},"end":{}}],"line":165},"23":{"loc":{"start":{"line":170,"column":10},"end":{"line":172,"column":11}},"type":"if","locations":[{"start":{"line":170,"column":10},"end":{"line":172,"column":11}},{"start":{},"end":{}}],"line":170},"24":{"loc":{"start":{"line":197,"column":28},"end":{"line":197,"column":61}},"type":"cond-expr","locations":[{"start":{"line":197,"column":41},"end":{"line":197,"column":57}},{"start":{"line":197,"column":60},"end":{"line":197,"column":61}}],"line":197},"25":{"loc":{"start":{"line":239,"column":4},"end":{"line":241,"column":5}},"type":"if","locations":[{"start":{"line":239,"column":4},"end":{"line":241,"column":5}},{"start":{},"end":{}}],"line":239},"26":{"loc":{"start":{"line":252,"column":22},"end":{"line":252,"column":71}},"type":"binary-expr","locations":[{"start":{"line":252,"column":22},"end":{"line":252,"column":42}},{"start":{"line":252,"column":46},"end":{"line":252,"column":71}}],"line":252},"27":{"loc":{"start":{"line":255,"column":6},"end":{"line":255,"column":28}},"type":"if","locations":[{"start":{"line":255,"column":6},"end":{"line":255,"column":28}},{"start":{},"end":{}}],"line":255},"28":{"loc":{"start":{"line":258,"column":22},"end":{"line":258,"column":50}},"type":"binary-expr","locations":[{"start":{"line":258,"column":22},"end":{"line":258,"column":28}},{"start":{"line":258,"column":32},"end":{"line":258,"column":50}}],"line":258},"29":{"loc":{"start":{"line":259,"column":6},"end":{"line":259,"column":28}},"type":"if","locations":[{"start":{"line":259,"column":6},"end":{"line":259,"column":28}},{"start":{},"end":{}}],"line":259},"30":{"loc":{"start":{"line":284,"column":4},"end":{"line":286,"column":5}},"type":"if","locations":[{"start":{"line":284,"column":4},"end":{"line":286,"column":5}},{"start":{},"end":{}}],"line":284},"31":{"loc":{"start":{"line":291,"column":4},"end":{"line":293,"column":5}},"type":"if","locations":[{"start":{"line":291,"column":4},"end":{"line":293,"column":5}},{"start":{},"end":{}}],"line":291},"32":{"loc":{"start":{"line":291,"column":8},"end":{"line":291,"column":28}},"type":"binary-expr","locations":[{"start":{"line":291,"column":8},"end":{"line":291,"column":16}},{"start":{"line":291,"column":20},"end":{"line":291,"column":28}}],"line":291},"33":{"loc":{"start":{"line":366,"column":4},"end":{"line":368,"column":5}},"type":"if","locations":[{"start":{"line":366,"column":4},"end":{"line":368,"column":5}},{"start":{},"end":{}}],"line":366},"34":{"loc":{"start":{"line":366,"column":8},"end":{"line":366,"column":30}},"type":"binary-expr","locations":[{"start":{"line":366,"column":8},"end":{"line":366,"column":18}},{"start":{"line":366,"column":22},"end":{"line":366,"column":30}}],"line":366},"35":{"loc":{"start":{"line":371,"column":4},"end":{"line":376,"column":5}},"type":"if","locations":[{"start":{"line":371,"column":4},"end":{"line":376,"column":5}},{"start":{},"end":{}}],"line":371},"36":{"loc":{"start":{"line":371,"column":8},"end":{"line":371,"column":72}},"type":"binary-expr","locations":[{"start":{"line":371,"column":8},"end":{"line":371,"column":27}},{"start":{"line":371,"column":31},"end":{"line":371,"column":48}},{"start":{"line":371,"column":52},"end":{"line":371,"column":72}}],"line":371},"37":{"loc":{"start":{"line":381,"column":4},"end":{"line":383,"column":5}},"type":"if","locations":[{"start":{"line":381,"column":4},"end":{"line":383,"column":5}},{"start":{},"end":{}}],"line":381},"38":{"loc":{"start":{"line":394,"column":4},"end":{"line":398,"column":5}},"type":"if","locations":[{"start":{"line":394,"column":4},"end":{"line":398,"column":5}},{"start":{},"end":{}}],"line":394}},"s":{"0":1,"1":0,"2":1,"3":4,"4":4,"5":4,"6":4,"7":1,"8":3,"9":3,"10":1,"11":2,"12":2,"13":2,"14":2,"15":2,"16":2,"17":2,"18":2,"19":2,"20":2,"21":2,"22":2,"23":0,"24":2,"25":0,"26":2,"27":2,"28":0,"29":2,"30":0,"31":2,"32":2,"33":2,"34":1,"35":1,"36":1,"37":0,"38":1,"39":0,"40":1,"41":0,"42":0,"43":0,"44":1,"45":0,"46":0,"47":0,"48":0,"49":0,"50":0,"51":0,"52":0,"53":0,"54":0,"55":0,"56":0,"57":0,"58":0,"59":0,"60":0,"61":0,"62":0,"63":0,"64":0,"65":0,"66":1,"67":1,"68":1,"69":1,"70":0,"71":0,"72":1,"73":0,"74":0,"75":0,"76":0,"77":0,"78":1,"79":0,"80":0,"81":0,"82":0,"83":0,"84":0,"85":0,"86":0,"87":0,"88":0,"89":0,"90":0,"91":0,"92":0,"93":0,"94":0,"95":0,"96":0,"97":0,"98":0,"99":1,"100":0,"101":0,"102":0,"103":0,"104":0,"105":0,"106":0,"107":0,"108":0,"109":0,"110":0,"111":0,"112":0,"113":0,"114":1,"115":0,"116":0,"117":0,"118":0,"119":0,"120":1,"121":0,"122":0,"123":0,"124":0,"125":0,"126":0,"127":0,"128":1,"129":0,"130":0,"131":0,"132":0,"133":0,"134":0,"135":0,"136":0,"137":0,"138":0,"139":0,"140":0,"141":0,"142":0,"143":0,"144":0,"145":0,"146":0,"147":0,"148":0,"149":0},"f":{"0":0,"1":4,"2":0,"3":0,"4":0,"5":0,"6":0,"7":0,"8":0,"9":0,"10":0},"b":{"0":[0,0],"1":[1,3],"2":[4,4],"3":[1,2],"4":[3,2],"5":[2,0],"6":[0,2],"7":[2,2],"8":[0,2],"9":[2,2,2],"10":[0,2],"11":[0,2],"12":[2,0],"13":[1,1],"14":[2,1],"15":[0,0],"16":[0,1],"17":[0,0],"18":[0,1],"19":[0,0],"20":[0,0],"21":[0,0],"22":[0,0],"23":[0,0],"24":[0,1],"25":[0,0],"26":[0,0],"27":[0,0],"28":[0,0],"29":[0,0],"30":[0,0],"31":[0,0],"32":[0,0],"33":[0,0],"34":[0,0],"35":[0,0],"36":[0,0,0],"37":[0,0],"38":[0,0]},"_coverageSchema":"1a1c01bbd47fc00a2c39e90264f33305004495a9","hash":"ea04c42e1ca90bd173865b9cb30d0f2ab22f3338"}
,"C:\\Users\\user\\Desktop\\КОВОРКИНГ ФИНАл\\server\\cron\\completeBookingJob.js": {"path":"C:\\Users\\user\\Desktop\\КОВОРКИНГ ФИНАл\\server\\cron\\completeBookingJob.js","statementMap":{"0":{"start":{"line":5,"column":41},"end":{"line":37,"column":1}},"1":{"start":{"line":6,"column":2},"end":{"line":6,"column":65}},"2":{"start":{"line":8,"column":2},"end":{"line":36,"column":5}},"3":{"start":{"line":9,"column":4},"end":{"line":35,"column":5}},"4":{"start":{"line":10,"column":18},"end":{"line":10,"column":28}},"5":{"start":{"line":11,"column":29},"end":{"line":11,"column":67}},"6":{"start":{"line":12,"column":20},"end":{"line":12,"column":54}},"7":{"start":{"line":14,"column":21},"end":{"line":26,"column":7}},"8":{"start":{"line":28,"column":6},"end":{"line":32,"column":7}},"9":{"start":{"line":29,"column":8},"end":{"line":31,"column":10}},"10":{"start":{"line":34,"column":6},"end":{"line":34,"column":73}}},"fnMap":{"0":{"name":"(anonymous_0)","decl":{"start":{"line":5,"column":41},"end":{"line":5,"column":42}},"loc":{"start":{"line":5,"column":47},"end":{"line":37,"column":1}},"line":5},"1":{"name":"(anonymous_1)","decl":{"start":{"line":8,"column":31},"end":{"line":8,"column":32}},"loc":{"start":{"line":8,"column":43},"end":{"line":36,"column":3}},"line":8}},"branchMap":{"0":{"loc":{"start":{"line":28,"column":6},"end":{"line":32,"column":7}},"type":"if","locations":[{"start":{"line":28,"column":6},"end":{"line":32,"column":7}},{"start":{},"end":{}}],"line":28}},"s":{"0":1,"1":0,"2":0,"3":0,"4":0,"5":0,"6":0,"7":0,"8":0,"9":0,"10":0},"f":{"0":0,"1":0},"b":{"0":[0,0]},"_coverageSchema":"1a1c01bbd47fc00a2c39e90264f33305004495a9","hash":"54cc940a6ac7ed255c6c70c96d53edddd77d50ed"}
,"C:\\Users\\user\\Desktop\\КОВОРКИНГ ФИНАл\\server\\middleware\\authMiddleware.js": {"path":"C:\\Users\\user\\Desktop\\КОВОРКИНГ ФИНАл\\server\\middleware\\authMiddleware.js","statementMap":{"0":{"start":{"line":5,"column":23},"end":{"line":29,"column":1}},"1":{"start":{"line":9,"column":2},"end":{"line":24,"column":3}},"2":{"start":{"line":10,"column":4},"end":{"line":23,"column":5}},"3":{"start":{"line":11,"column":6},"end":{"line":11,"column":54}},"4":{"start":{"line":14,"column":22},"end":{"line":14,"column":63}},"5":{"start":{"line":17,"column":6},"end":{"line":17,"column":69}},"6":{"start":{"line":19,"column":6},"end":{"line":19,"column":13}},"7":{"start":{"line":21,"column":6},"end":{"line":21,"column":50}},"8":{"start":{"line":22,"column":6},"end":{"line":22,"column":62}},"9":{"start":{"line":26,"column":2},"end":{"line":28,"column":3}},"10":{"start":{"line":27,"column":4},"end":{"line":27,"column":76}},"11":{"start":{"line":32,"column":31},"end":{"line":46,"column":1}},"12":{"start":{"line":33,"column":15},"end":{"line":33,"column":40}},"13":{"start":{"line":35,"column":2},"end":{"line":43,"column":3}},"14":{"start":{"line":36,"column":4},"end":{"line":42,"column":5}},"15":{"start":{"line":37,"column":20},"end":{"line":37,"column":38}},"16":{"start":{"line":38,"column":22},"end":{"line":38,"column":63}},"17":{"start":{"line":39,"column":6},"end":{"line":39,"column":69}},"18":{"start":{"line":41,"column":6},"end":{"line":41,"column":22}},"19":{"start":{"line":45,"column":2},"end":{"line":45,"column":9}}},"fnMap":{"0":{"name":"(anonymous_0)","decl":{"start":{"line":5,"column":23},"end":{"line":5,"column":24}},"loc":{"start":{"line":5,"column":49},"end":{"line":29,"column":1}},"line":5},"1":{"name":"(anonymous_1)","decl":{"start":{"line":32,"column":31},"end":{"line":32,"column":32}},"loc":{"start":{"line":32,"column":57},"end":{"line":46,"column":1}},"line":32}},"branchMap":{"0":{"loc":{"start":{"line":9,"column":2},"end":{"line":24,"column":3}},"type":"if","locations":[{"start":{"line":9,"column":2},"end":{"line":24,"column":3}},{"start":{},"end":{}}],"line":9},"1":{"loc":{"start":{"line":9,"column":6},"end":{"line":9,"column":81}},"type":"binary-expr","locations":[{"start":{"line":9,"column":6},"end":{"line":9,"column":31}},{"start":{"line":9,"column":35},"end":{"line":9,"column":81}}],"line":9},"2":{"loc":{"start":{"line":26,"column":2},"end":{"line":28,"column":3}},"type":"if","locations":[{"start":{"line":26,"column":2},"end":{"line":28,"column":3}},{"start":{},"end":{}}],"line":26},"3":{"loc":{"start":{"line":35,"column":2},"end":{"line":43,"column":3}},"type":"if","locations":[{"start":{"line":35,"column":2},"end":{"line":43,"column":3}},{"start":{},"end":{}}],"line":35}},"s":{"0":1,"1":4,"2":3,"3":3,"4":3,"5":2,"6":0,"7":3,"8":3,"9":4,"10":1,"11":1,"12":0,"13":0,"14":0,"15":0,"16":0,"17":0,"18":0,"19":0},"f":{"0":4,"1":0},"b":{"0":[3,1],"1":[4,3],"2":[1,3],"3":[0,0]},"_coverageSchema":"1a1c01bbd47fc00a2c39e90264f33305004495a9","hash":"89d613936e2a609f715da4a502f892b7819fdf6f"}
,"C:\\Users\\user\\Desktop\\КОВОРКИНГ ФИНАл\\server\\models\\Booking.js": {"path":"C:\\Users\\user\\Desktop\\КОВОРКИНГ ФИНАл\\server\\models\\Booking.js","statementMap":{"0":{"start":{"line":3,"column":22},"end":{"line":50,"column":1}},"1":{"start":{"line":52,"column":16},"end":{"line":52,"column":56}}},"fnMap":{},"branchMap":{},"s":{"0":2,"1":2},"f":{},"b":{},"_coverageSchema":"1a1c01bbd47fc00a2c39e90264f33305004495a9","hash":"f48bdee8e6c424326ef38a95cc32c070fd257ae9"}
,"C:\\Users\\user\\Desktop\\КОВОРКИНГ ФИНАл\\server\\models\\Notification.js": {"path":"C:\\Users\\user\\Desktop\\КОВОРКИНГ ФИНАл\\server\\models\\Notification.js","statementMap":{"0":{"start":{"line":3,"column":27},"end":{"line":16,"column":1}}},"fnMap":{},"branchMap":{},"s":{"0":1},"f":{},"b":{},"_coverageSchema":"1a1c01bbd47fc00a2c39e90264f33305004495a9","hash":"27596878e8cda628efa5f541dd1dbea6cc43b415"}
,"C:\\Users\\user\\Desktop\\КОВОРКИНГ ФИНАл\\server\\models\\User.js": {"path":"C:\\Users\\user\\Desktop\\КОВОРКИНГ ФИНАл\\server\\models\\User.js","statementMap":{"0":{"start":{"line":5,"column":19},"end":{"line":15,"column":1}},"1":{"start":{"line":17,"column":0},"end":{"line":23,"column":3}},"2":{"start":{"line":18,"column":2},"end":{"line":18,"column":50}},"3":{"start":{"line":18,"column":36},"end":{"line":18,"column":50}},"4":{"start":{"line":20,"column":15},"end":{"line":20,"column":39}},"5":{"start":{"line":21,"column":2},"end":{"line":21,"column":57}},"6":{"start":{"line":22,"column":2},"end":{"line":22,"column":9}},"7":{"start":{"line":25,"column":0},"end":{"line":27,"column":2}},"8":{"start":{"line":26,"column":2},"end":{"line":26,"column":62}},"9":{"start":{"line":29,"column":13},"end":{"line":29,"column":47}}},"fnMap":{"0":{"name":"(anonymous_0)","decl":{"start":{"line":17,"column":23},"end":{"line":17,"column":24}},"loc":{"start":{"line":17,"column":45},"end":{"line":23,"column":1}},"line":17},"1":{"name":"(anonymous_1)","decl":{"start":{"line":25,"column":35},"end":{"line":25,"column":36}},"loc":{"start":{"line":25,"column":68},"end":{"line":27,"column":1}},"line":25}},"branchMap":{"0":{"loc":{"start":{"line":18,"column":2},"end":{"line":18,"column":50}},"type":"if","locations":[{"start":{"line":18,"column":2},"end":{"line":18,"column":50}},{"start":{},"end":{}}],"line":18}},"s":{"0":1,"1":1,"2":0,"3":0,"4":0,"5":0,"6":0,"7":1,"8":0,"9":1},"f":{"0":0,"1":0},"b":{"0":[0,0]},"_coverageSchema":"1a1c01bbd47fc00a2c39e90264f33305004495a9","hash":"f33721c35add09cba89f9949731f142876a37751"}
,"C:\\Users\\user\\Desktop\\КОВОРКИНГ ФИНАл\\server\\models\\Workspace.js": {"path":"C:\\Users\\user\\Desktop\\КОВОРКИНГ ФИНАл\\server\\models\\Workspace.js","statementMap":{"0":{"start":{"line":3,"column":24},"end":{"line":24,"column":1}},"1":{"start":{"line":26,"column":18},"end":{"line":26,"column":62}}},"fnMap":{},"branchMap":{},"s":{"0":1,"1":1},"f":{},"b":{},"_coverageSchema":"1a1c01bbd47fc00a2c39e90264f33305004495a9","hash":"e47d161cfd4d600f06f544fef65ff3ffd121288f"}
,"C:\\Users\\user\\Desktop\\КОВОРКИНГ ФИНАл\\server\\utils\\calculatePrice.js": {"path":"C:\\Users\\user\\Desktop\\КОВОРКИНГ ФИНАл\\server\\utils\\calculatePrice.js","statementMap":{"0":{"start":{"line":10,"column":16},"end":{"line":10,"column":40}},"1":{"start":{"line":11,"column":14},"end":{"line":11,"column":36}},"2":{"start":{"line":12,"column":19},"end":{"line":12,"column":30}},"3":{"start":{"line":14,"column":2},"end":{"line":14,"column":24}},"4":{"start":{"line":16,"column":2},"end":{"line":16,"column":30}},"5":{"start":{"line":16,"column":21},"end":{"line":16,"column":30}},"6":{"start":{"line":18,"column":21},"end":{"line":18,"column":34}},"7":{"start":{"line":20,"column":18},"end":{"line":20,"column":43}},"8":{"start":{"line":22,"column":2},"end":{"line":32,"column":3}},"9":{"start":{"line":24,"column":28},"end":{"line":24,"column":64}},"10":{"start":{"line":25,"column":26},"end":{"line":25,"column":46}},"11":{"start":{"line":26,"column":4},"end":{"line":26,"column":48}},"12":{"start":{"line":29,"column":21},"end":{"line":29,"column":55}},"13":{"start":{"line":30,"column":4},"end":{"line":30,"column":26}},"14":{"start":{"line":31,"column":4},"end":{"line":31,"column":26}},"15":{"start":{"line":34,"column":2},"end":{"line":34,"column":31}}},"fnMap":{"0":{"name":"calculatePrice","decl":{"start":{"line":3,"column":16},"end":{"line":3,"column":30}},"loc":{"start":{"line":9,"column":3},"end":{"line":35,"column":1}},"line":9}},"branchMap":{"0":{"loc":{"start":{"line":16,"column":2},"end":{"line":16,"column":30}},"type":"if","locations":[{"start":{"line":16,"column":2},"end":{"line":16,"column":30}},{"start":{},"end":{}}],"line":16},"1":{"loc":{"start":{"line":22,"column":2},"end":{"line":32,"column":3}},"type":"if","locations":[{"start":{"line":22,"column":2},"end":{"line":32,"column":3}},{"start":{},"end":{}}],"line":22},"2":{"loc":{"start":{"line":22,"column":6},"end":{"line":22,"column":37}},"type":"binary-expr","locations":[{"start":{"line":22,"column":6},"end":{"line":22,"column":17}},{"start":{"line":22,"column":21},"end":{"line":22,"column":37}}],"line":22}},"s":{"0":2,"1":2,"2":2,"3":2,"4":2,"5":0,"6":2,"7":2,"8":2,"9":0,"10":0,"11":0,"12":0,"13":0,"14":0,"15":2},"f":{"0":2},"b":{"0":[0,2],"1":[0,2],"2":[2,0]},"_coverageSchema":"1a1c01bbd47fc00a2c39e90264f33305004495a9","hash":"5ce14c562f65e31c60cb5561d6ec86e47a6130ac"}
,"C:\\Users\\user\\Desktop\\КОВОРКИНГ ФИНАл\\server\\utils\\flexAdjust.js": {"path":"C:\\Users\\user\\Desktop\\КОВОРКИНГ ФИНАл\\server\\utils\\flexAdjust.js","statementMap":{"0":{"start":{"line":3,"column":18},"end":{"line":5,"column":1}},"1":{"start":{"line":4,"column":2},"end":{"line":4,"column":40}},"2":{"start":{"line":7,"column":46},"end":{"line":71,"column":1}},"3":{"start":{"line":8,"column":43},"end":{"line":8,"column":53}},"4":{"start":{"line":9,"column":22},"end":{"line":9,"column":24}},"5":{"start":{"line":11,"column":2},"end":{"line":68,"column":3}},"6":{"start":{"line":12,"column":19},"end":{"line":12,"column":51}},"7":{"start":{"line":13,"column":17},"end":{"line":13,"column":47}},"8":{"start":{"line":14,"column":17},"end":{"line":14,"column":73}},"9":{"start":{"line":16,"column":4},"end":{"line":16,"column":84}},"10":{"start":{"line":16,"column":75},"end":{"line":16,"column":84}},"11":{"start":{"line":18,"column":21},"end":{"line":18,"column":34}},"12":{"start":{"line":21,"column":4},"end":{"line":33,"column":5}},"13":{"start":{"line":22,"column":25},"end":{"line":22,"column":33}},"14":{"start":{"line":23,"column":22},"end":{"line":23,"column":39}},"15":{"start":{"line":24,"column":6},"end":{"line":32,"column":7}},"16":{"start":{"line":25,"column":8},"end":{"line":30,"column":11}},"17":{"start":{"line":31,"column":8},"end":{"line":31,"column":17}},"18":{"start":{"line":36,"column":4},"end":{"line":48,"column":5}},"19":{"start":{"line":37,"column":27},"end":{"line":37,"column":33}},"20":{"start":{"line":38,"column":22},"end":{"line":38,"column":43}},"21":{"start":{"line":39,"column":6},"end":{"line":47,"column":7}},"22":{"start":{"line":40,"column":8},"end":{"line":45,"column":11}},"23":{"start":{"line":46,"column":8},"end":{"line":46,"column":17}},"24":{"start":{"line":51,"column":4},"end":{"line":65,"column":5}},"25":{"start":{"line":52,"column":25},"end":{"line":52,"column":42}},"26":{"start":{"line":53,"column":26},"end":{"line":53,"column":39}},"27":{"start":{"line":54,"column":26},"end":{"line":54,"column":50}},"28":{"start":{"line":56,"column":6},"end":{"line":64,"column":7}},"29":{"start":{"line":57,"column":8},"end":{"line":62,"column":11}},"30":{"start":{"line":63,"column":8},"end":{"line":63,"column":17}},"31":{"start":{"line":67,"column":4},"end":{"line":67,"column":16}},"32":{"start":{"line":70,"column":2},"end":{"line":70,"column":53}}},"fnMap":{"0":{"name":"(anonymous_0)","decl":{"start":{"line":3,"column":18},"end":{"line":3,"column":19}},"loc":{"start":{"line":3,"column":50},"end":{"line":5,"column":1}},"line":3},"1":{"name":"(anonymous_1)","decl":{"start":{"line":7,"column":46},"end":{"line":7,"column":47}},"loc":{"start":{"line":7,"column":80},"end":{"line":71,"column":1}},"line":7}},"branchMap":{"0":{"loc":{"start":{"line":4,"column":9},"end":{"line":4,"column":39}},"type":"binary-expr","locations":[{"start":{"line":4,"column":9},"end":{"line":4,"column":22}},{"start":{"line":4,"column":26},"end":{"line":4,"column":39}}],"line":4},"1":{"loc":{"start":{"line":14,"column":17},"end":{"line":14,"column":73}},"type":"binary-expr","locations":[{"start":{"line":14,"column":17},"end":{"line":14,"column":45}},{"start":{"line":14,"column":49},"end":{"line":14,"column":73}}],"line":14},"2":{"loc":{"start":{"line":16,"column":4},"end":{"line":16,"column":84}},"type":"if","locations":[{"start":{"line":16,"column":4},"end":{"line":16,"column":84}},{"start":{},"end":{}}],"line":16},"3":{"loc":{"start":{"line":16,"column":8},"end":{"line":16,"column":73}},"type":"binary-expr","locations":[{"start":{"line":16,"column":8},"end":{"line":16,"column":27}},{"start":{"line":16,"column":31},"end":{"line":16,"column":73}}],"line":16},"4":{"loc":{"start":{"line":21,"column":4},"end":{"line":33,"column":5}},"type":"if","locations":[{"start":{"line":21,"column":4},"end":{"line":33,"column":5}},{"start":{},"end":{}}],"line":21},"5":{"loc":{"start":{"line":21,"column":8},"end":{"line":21,"column":45}},"type":"binary-expr","locations":[{"start":{"line":21,"column":8},"end":{"line":21,"column":26}},{"start":{"line":21,"column":30},"end":{"line":21,"column":45}}],"line":21},"6":{"loc":{"start":{"line":24,"column":6},"end":{"line":32,"column":7}},"type":"if","locations":[{"start":{"line":24,"column":6},"end":{"line":32,"column":7}},{"start":{},"end":{}}],"line":24},"7":{"loc":{"start":{"line":24,"column":10},"end":{"line":24,"column":54}},"type":"binary-expr","locations":[{"start":{"line":24,"column":10},"end":{"line":24,"column":25}},{"start":{"line":24,"column":29},"end":{"line":24,"column":54}}],"line":24},"8":{"loc":{"start":{"line":36,"column":4},"end":{"line":48,"column":5}},"type":"if","locations":[{"start":{"line":36,"column":4},"end":{"line":48,"column":5}},{"start":{},"end":{}}],"line":36},"9":{"loc":{"start":{"line":36,"column":8},"end":{"line":36,"column":41}},"type":"binary-expr","locations":[{"start":{"line":36,"column":8},"end":{"line":36,"column":23}},{"start":{"line":36,"column":27},"end":{"line":36,"column":41}}],"line":36},"10":{"loc":{"start":{"line":39,"column":6},"end":{"line":47,"column":7}},"type":"if","locations":[{"start":{"line":39,"column":6},"end":{"line":47,"column":7}},{"start":{},"end":{}}],"line":39},"11":{"loc":{"start":{"line":39,"column":10},"end":{"line":39,"column":54}},"type":"binary-expr","locations":[{"start":{"line":39,"column":10},"end":{"line":39,"column":25}},{"start":{"line":39,"column":29},"end":{"line":39,"column":54}}],"line":39},"12":{"loc":{"start":{"line":51,"column":4},"end":{"line":65,"column":5}},"type":"if","locations":[{"start":{"line":51,"column":4},"end":{"line":65,"column":5}},{"start":{},"end":{}}],"line":51},"13":{"loc":{"start":{"line":51,"column":8},"end":{"line":51,"column":42}},"type":"binary-expr","locations":[{"start":{"line":51,"column":8},"end":{"line":51,"column":25}},{"start":{"line":51,"column":29},"end":{"line":51,"column":42}}],"line":51},"14":{"loc":{"start":{"line":56,"column":6},"end":{"line":64,"column":7}},"type":"if","locations":[{"start":{"line":56,"column":6},"end":{"line":64,"column":7}},{"start":{},"end":{}}],"line":56},"15":{"loc":{"start":{"line":56,"column":10},"end":{"line":56,"column":56}},"type":"binary-expr","locations":[{"start":{"line":56,"column":10},"end":{"line":56,"column":29}},{"start":{"line":56,"column":33},"end":{"line":56,"column":56}}],"line":56},"16":{"loc":{"start":{"line":70,"column":9},"end":{"line":70,"column":52}},"type":"cond-expr","locations":[{"start":{"line":70,"column":34},"end":{"line":70,"column":45}},{"start":{"line":70,"column":48},"end":{"line":70,"column":52}}],"line":70}},"s":{"0":2,"1":2,"2":2,"3":2,"4":2,"5":2,"6":2,"7":2,"8":2,"9":2,"10":0,"11":2,"12":2,"13":2,"14":2,"15":2,"16":1,"17":1,"18":1,"19":0,"20":0,"21":0,"22":0,"23":0,"24":1,"25":0,"26":0,"27":0,"28":0,"29":0,"30":0,"31":1,"32":1},"f":{"0":2,"1":2},"b":{"0":[2,2],"1":[2,2],"2":[0,2],"3":[2,2],"4":[2,0],"5":[2,2],"6":[1,1],"7":[2,1],"8":[0,1],"9":[1,1],"10":[0,0],"11":[0,0],"12":[0,1],"13":[1,1],"14":[0,0],"15":[0,0],"16":[1,0]},"_coverageSchema":"1a1c01bbd47fc00a2c39e90264f33305004495a9","hash":"a115584d98778d2ffe23a9f0a9c63b8b345f4cb1"}
,"C:\\Users\\user\\Desktop\\КОВОРКИНГ ФИНАл\\server\\utils\\time.js": {"path":"C:\\Users\\user\\Desktop\\КОВОРКИНГ ФИНАл\\server\\utils\\time.js","statementMap":{"0":{"start":{"line":1,"column":29},"end":{"line":4,"column":1}},"1":{"start":{"line":2,"column":17},"end":{"line":2,"column":47}},"2":{"start":{"line":3,"column":2},"end":{"line":3,"column":20}},"3":{"start":{"line":6,"column":29},"end":{"line":10,"column":1}},"4":{"start":{"line":7,"column":12},"end":{"line":7,"column":33}},"5":{"start":{"line":8,"column":12},"end":{"line":8,"column":21}},"6":{"start":{"line":9,"column":2},"end":{"line":9,"column":77}}},"fnMap":{"0":{"name":"(anonymous_0)","decl":{"start":{"line":1,"column":29},"end":{"line":1,"column":30}},"loc":{"start":{"line":1,"column":42},"end":{"line":4,"column":1}},"line":1},"1":{"name":"(anonymous_1)","decl":{"start":{"line":6,"column":29},"end":{"line":6,"column":30}},"loc":{"start":{"line":6,"column":39},"end":{"line":10,"column":1}},"line":6}},"branchMap":{},"s":{"0":6,"1":19,"2":19,"3":6,"4":4,"5":4,"6":4},"f":{"0":19,"1":4},"b":{},"_coverageSchema":"1a1c01bbd47fc00a2c39e90264f33305004495a9","hash":"e8da60aba7ae696e8ccf04801f1c39b4f504b431"}
}
