TN:
SF:controllers\bookingController.js
FN:9,(anonymous_0)
FN:13,(anonymous_1)
FN:111,(anonymous_2)
FN:127,(anonymous_3)
FN:215,(anonymous_4)
FN:229,(anonymous_5)
FN:251,(anonymous_6)
FN:280,(anonymous_7)
FN:313,(anonymous_8)
FN:328,(anonymous_9)
FN:360,(anonymous_10)
FNF:11
FNH:1
FNDA:0,(anonymous_0)
FNDA:4,(anonymous_1)
FNDA:0,(anonymous_2)
FNDA:0,(anonymous_3)
FNDA:0,(anonymous_4)
FNDA:0,(anonymous_5)
FNDA:0,(anonymous_6)
FNDA:0,(anonymous_7)
FNDA:0,(anonymous_8)
FNDA:0,(anonymous_9)
FNDA:0,(anonymous_10)
DA:9,1
DA:10,0
DA:13,1
DA:14,4
DA:23,4
DA:24,4
DA:26,4
DA:27,1
DA:31,3
DA:32,3
DA:33,1
DA:39,2
DA:42,2
DA:43,2
DA:46,2
DA:47,2
DA:50,2
DA:51,2
DA:53,2
DA:56,2
DA:57,2
DA:58,2
DA:60,2
DA:61,0
DA:65,2
DA:66,0
DA:72,2
DA:73,2
DA:74,0
DA:80,2
DA:81,0
DA:88,2
DA:94,2
DA:96,2
DA:97,1
DA:103,1
DA:110,1
DA:112,0
DA:120,1
DA:121,0
DA:127,1
DA:128,0
DA:129,0
DA:130,0
DA:133,1
DA:134,0
DA:139,0
DA:140,0
DA:145,0
DA:146,0
DA:148,0
DA:149,0
DA:151,0
DA:152,0
DA:154,0
DA:155,0
DA:156,0
DA:158,0
DA:159,0
DA:162,0
DA:163,0
DA:165,0
DA:166,0
DA:170,0
DA:171,0
DA:175,0
DA:180,1
DA:189,1
DA:201,1
DA:207,1
DA:209,0
DA:210,0
DA:215,1
DA:216,0
DA:217,0
DA:221,0
DA:223,0
DA:224,0
DA:229,1
DA:230,0
DA:231,0
DA:232,0
DA:234,0
DA:239,0
DA:240,0
DA:243,0
DA:247,0
DA:248,0
DA:251,0
DA:252,0
DA:255,0
DA:258,0
DA:259,0
DA:262,0
DA:273,0
DA:275,0
DA:276,0
DA:280,1
DA:281,0
DA:282,0
DA:284,0
DA:285,0
DA:288,0
DA:289,0
DA:291,0
DA:292,0
DA:295,0
DA:296,0
DA:298,0
DA:306,0
DA:308,0
DA:309,0
DA:313,1
DA:314,0
DA:315,0
DA:320,0
DA:322,0
DA:323,0
DA:328,1
DA:329,0
DA:330,0
DA:331,0
DA:335,0
DA:349,0
DA:354,0
DA:355,0
DA:360,1
DA:361,0
DA:362,0
DA:363,0
DA:366,0
DA:367,0
DA:371,0
DA:372,0
DA:378,0
DA:381,0
DA:382,0
DA:386,0
DA:394,0
DA:395,0
DA:400,0
DA:401,0
DA:402,0
DA:404,0
DA:406,0
DA:416,0
DA:418,0
DA:419,0
LF:148
LH:45
BRDA:10,0,0,0
BRDA:10,0,1,0
BRDA:26,1,0,1
BRDA:26,1,1,3
BRDA:26,2,0,4
BRDA:26,2,1,4
BRDA:32,3,0,1
BRDA:32,3,1,2
BRDA:32,4,0,3
BRDA:32,4,1,2
BRDA:58,5,0,2
BRDA:58,5,1,0
BRDA:60,6,0,0
BRDA:60,6,1,2
BRDA:60,7,0,2
BRDA:60,7,1,2
BRDA:65,8,0,0
BRDA:65,8,1,2
BRDA:65,9,0,2
BRDA:65,9,1,2
BRDA:65,9,2,2
BRDA:73,10,0,0
BRDA:73,10,1,2
BRDA:80,11,0,0
BRDA:80,11,1,2
BRDA:80,12,0,2
BRDA:80,12,1,0
BRDA:96,13,0,1
BRDA:96,13,1,1
BRDA:96,14,0,2
BRDA:96,14,1,1
BRDA:112,15,0,0
BRDA:112,15,1,0
BRDA:120,16,0,0
BRDA:120,16,1,1
BRDA:130,17,0,0
BRDA:130,17,1,0
BRDA:133,18,0,0
BRDA:133,18,1,1
BRDA:139,19,0,0
BRDA:139,19,1,0
BRDA:155,20,0,0
BRDA:155,20,1,0
BRDA:158,21,0,0
BRDA:158,21,1,0
BRDA:165,22,0,0
BRDA:165,22,1,0
BRDA:170,23,0,0
BRDA:170,23,1,0
BRDA:197,24,0,0
BRDA:197,24,1,1
BRDA:239,25,0,0
BRDA:239,25,1,0
BRDA:252,26,0,0
BRDA:252,26,1,0
BRDA:255,27,0,0
BRDA:255,27,1,0
BRDA:258,28,0,0
BRDA:258,28,1,0
BRDA:259,29,0,0
BRDA:259,29,1,0
BRDA:284,30,0,0
BRDA:284,30,1,0
BRDA:291,31,0,0
BRDA:291,31,1,0
BRDA:291,32,0,0
BRDA:291,32,1,0
BRDA:366,33,0,0
BRDA:366,33,1,0
BRDA:366,34,0,0
BRDA:366,34,1,0
BRDA:371,35,0,0
BRDA:371,35,1,0
BRDA:371,36,0,0
BRDA:371,36,1,0
BRDA:371,36,2,0
BRDA:381,37,0,0
BRDA:381,37,1,0
BRDA:394,38,0,0
BRDA:394,38,1,0
BRF:80
BRH:26
end_of_record
TN:
SF:cron\completeBookingJob.js
FN:5,(anonymous_0)
FN:8,(anonymous_1)
FNF:2
FNH:0
FNDA:0,(anonymous_0)
FNDA:0,(anonymous_1)
DA:5,1
DA:6,0
DA:8,0
DA:9,0
DA:10,0
DA:11,0
DA:12,0
DA:14,0
DA:28,0
DA:29,0
DA:34,0
LF:11
LH:1
BRDA:28,0,0,0
BRDA:28,0,1,0
BRF:2
BRH:0
end_of_record
TN:
SF:middleware\authMiddleware.js
FN:5,(anonymous_0)
FN:32,(anonymous_1)
FNF:2
FNH:1
FNDA:4,(anonymous_0)
FNDA:0,(anonymous_1)
DA:5,1
DA:9,4
DA:10,3
DA:11,3
DA:14,3
DA:17,2
DA:19,0
DA:21,3
DA:22,3
DA:26,4
DA:27,1
DA:32,1
DA:33,0
DA:35,0
DA:36,0
DA:37,0
DA:38,0
DA:39,0
DA:41,0
DA:45,0
LF:20
LH:11
BRDA:9,0,0,3
BRDA:9,0,1,1
BRDA:9,1,0,4
BRDA:9,1,1,3
BRDA:26,2,0,1
BRDA:26,2,1,3
BRDA:35,3,0,0
BRDA:35,3,1,0
BRF:8
BRH:6
end_of_record
TN:
SF:models\Booking.js
FNF:0
FNH:0
DA:3,2
DA:52,2
LF:2
LH:2
BRF:0
BRH:0
end_of_record
TN:
SF:models\Notification.js
FNF:0
FNH:0
DA:3,1
LF:1
LH:1
BRF:0
BRH:0
end_of_record
TN:
SF:models\User.js
FN:17,(anonymous_0)
FN:25,(anonymous_1)
FNF:2
FNH:0
FNDA:0,(anonymous_0)
FNDA:0,(anonymous_1)
DA:5,1
DA:17,1
DA:18,0
DA:20,0
DA:21,0
DA:22,0
DA:25,1
DA:26,0
DA:29,1
LF:9
LH:4
BRDA:18,0,0,0
BRDA:18,0,1,0
BRF:2
BRH:0
end_of_record
TN:
SF:models\Workspace.js
FNF:0
FNH:0
DA:3,1
DA:26,1
LF:2
LH:2
BRF:0
BRH:0
end_of_record
TN:
SF:utils\calculatePrice.js
FN:3,calculatePrice
FNF:1
FNH:1
FNDA:2,calculatePrice
DA:10,2
DA:11,2
DA:12,2
DA:14,2
DA:16,2
DA:18,2
DA:20,2
DA:22,2
DA:24,0
DA:25,0
DA:26,0
DA:29,0
DA:30,0
DA:31,0
DA:34,2
LF:15
LH:9
BRDA:16,0,0,0
BRDA:16,0,1,2
BRDA:22,1,0,0
BRDA:22,1,1,2
BRDA:22,2,0,2
BRDA:22,2,1,0
BRF:6
BRH:3
end_of_record
TN:
SF:utils\flexAdjust.js
FN:3,(anonymous_0)
FN:7,(anonymous_1)
FNF:2
FNH:2
FNDA:2,(anonymous_0)
FNDA:2,(anonymous_1)
DA:3,2
DA:4,2
DA:7,2
DA:8,2
DA:9,2
DA:11,2
DA:12,2
DA:13,2
DA:14,2
DA:16,2
DA:18,2
DA:21,2
DA:22,2
DA:23,2
DA:24,2
DA:25,1
DA:31,1
DA:36,1
DA:37,0
DA:38,0
DA:39,0
DA:40,0
DA:46,0
DA:51,1
DA:52,0
DA:53,0
DA:54,0
DA:56,0
DA:57,0
DA:63,0
DA:67,1
DA:70,1
LF:32
LH:21
BRDA:4,0,0,2
BRDA:4,0,1,2
BRDA:14,1,0,2
BRDA:14,1,1,2
BRDA:16,2,0,0
BRDA:16,2,1,2
BRDA:16,3,0,2
BRDA:16,3,1,2
BRDA:21,4,0,2
BRDA:21,4,1,0
BRDA:21,5,0,2
BRDA:21,5,1,2
BRDA:24,6,0,1
BRDA:24,6,1,1
BRDA:24,7,0,2
BRDA:24,7,1,1
BRDA:36,8,0,0
BRDA:36,8,1,1
BRDA:36,9,0,1
BRDA:36,9,1,1
BRDA:39,10,0,0
BRDA:39,10,1,0
BRDA:39,11,0,0
BRDA:39,11,1,0
BRDA:51,12,0,0
BRDA:51,12,1,1
BRDA:51,13,0,1
BRDA:51,13,1,1
BRDA:56,14,0,0
BRDA:56,14,1,0
BRDA:56,15,0,0
BRDA:56,15,1,0
BRDA:70,16,0,1
BRDA:70,16,1,0
BRF:34
BRH:21
end_of_record
TN:
SF:utils\time.js
FN:1,(anonymous_0)
FN:6,(anonymous_1)
FNF:2
FNH:2
FNDA:19,(anonymous_0)
FNDA:4,(anonymous_1)
DA:1,6
DA:2,19
DA:3,19
DA:6,6
DA:7,4
DA:8,4
DA:9,4
LF:7
LH:7
BRF:0
BRH:0
end_of_record
